{
  "RSpec": {
    "coverage": {
      "/Users/sethverrill/turing_work/mod1/2408/2408_bike_club/lib/biker.rb": {
        "lines": [
          1,
          1,
          null,
          null,
          null,
          null,
          1,
          18,
          18,
          18,
          18,
          null,
          null,
          1,
          11,
          null,
          null,
          1,
          9,
          8,
          2,
          null,
          6,
          null,
          null,
          null,
          null,
          1,
          9,
          null,
          null,
          1,
          2,
          null,
          null
        ]
      },
      "/Users/sethverrill/turing_work/mod1/2408/2408_bike_club/lib/ride.rb": {
        "lines": [
          1,
          1,
          null,
          null,
          null,
          1,
          16,
          16,
          16,
          16,
          null,
          null,
          1,
          15,
          null,
          null,
          1,
          15,
          null,
          null
        ]
      },
      "/Users/sethverrill/turing_work/mod1/2408/2408_bike_club/lib/bike_club.rb": {
        "lines": [
          1,
          1,
          null,
          null,
          null,
          1,
          8,
          8,
          8,
          null,
          null,
          1,
          14,
          14,
          null,
          null,
          1,
          3,
          null,
          null,
          1,
          3,
          null,
          null,
          1,
          11,
          null,
          null,
          1,
          2,
          null,
          2,
          null,
          null,
          null,
          2,
          2,
          null,
          null,
          1,
          3,
          3,
          null,
          3,
          3,
          null,
          null,
          1,
          3,
          null,
          null,
          1,
          3,
          null,
          null
        ]
      }
    },
    "timestamp": 1727200378
  }
}
